2023-10-23 12:00:39,957 [INFO]: aerosol_budget_driver.py(run_diag:135) >> Variable: bc
2023-10-23 12:00:41,067 [INFO]: aerosol_budget_driver.py(run_diag:135) >> Variable: dst
2023-10-23 12:00:41,777 [INFO]: aerosol_budget_driver.py(run_diag:135) >> Variable: mom
2023-10-23 12:00:42,486 [INFO]: aerosol_budget_driver.py(run_diag:135) >> Variable: ncl
2023-10-23 12:00:43,028 [INFO]: aerosol_budget_driver.py(run_diag:135) >> Variable: pom
2022023-10-23 12:01:01,294 [INFO]: main.py(create_viewer:130) >> aerosol_aeronet model_vs_model_0001-0100/viewer
2023-10-23 12:01:12,797 [INFO]: main.py(create_viewer:133) >> ('Aerosol Diags at AERONET sites', 'aerosol_aeronet/index.html')
2023-10-23 12:01:12,797 [INFO]: main.py(create_viewer:130) >> aerosol_budget model_vs_model_0001-0100/viewer
2023-10-23 12:01:12,829 [INFO]: main.py(create_viewer:133) >> ('Aerosol Budget Tables', 'aerosol/index.html')
2023-10-23 12:01:12,833 [INFO]: e3sm_diags_driver.py(main:440) >> Viewer HTML generated at model_vs_model_0001-0100/viewer/index.html
er.py(run_diag:135) >> Variable: mom
2023-10-23 12:00:53,133 [INFO]: aerosol_budget_driver.py(run_diag:135) >> Variable: ncl
2023-10-23 12:00:53,604 [INFO]: aerosol_budget_driver.py(run_diag:135) >> Variable: pom
2023-10-23 12:00:54,157 [INFO]: aerosol_budget_driver.py(run_diag:135) >> Variable: so4
2023-10-23 12:00:54,813 [INFO]: aerosol_budget_driver.py(run_diag:135) >> Variable: soa
2023-10-23 12:01:01,247 [INFO]: aerosol_budget_driver.py(run_diag:201) >> Metrics saved in model_vs_model_0001-0100/aerosol_budget/20230616.v3alpha01.piControl.chrysalis-DJF-budget-table.csv
rids) to observational sites
2023-10-23 12:00:49,689 [WARNING]: warnings.py(_showwarnms2023-10-23 12:00:50,583 [INFO]: aerosol_budget_driver.py(run_diag:135) >> Variable: dst
2023-10-23 12:00:51,334 [INFO]: aerosol_budget_driver.py(run_diag:135) >> Variable: mom
2023-10-23 12:00:51,951 [INFO]: aerosol_budget_driver.py(run_diag:135) >> Variable: ncl
2023-10-23 12:00:52,487 [INFO]: aerosol_budget_driver.py(run_diag:135) >> Variable: pom
2023-10-23 12:00:53,101 [INFO]: aerosol_budget_driver.py(run_diag:135) >> Variable: so4
2023-10-23 12:00:53,619 [INFO]: aerosol_budget_driver.py(run_diag:135) >> Variable: soa
2023-10-23 12:00:59,965 [INFO]: aerosol_budget_driver.py(run_diag:201) >> Metrics saved in model_vs_model_0001-0100/aerosol_budget/20230616.v3alpha01.piControl.chrysalis-SON-budget-table.csv
rosol_aeronet_driver.py(run_diag:48) >> Variable: AODVIS
2023-10-23 12:00:50,505 [INFO]: aerosol_aeronet_driver.py(interpolate_model_output_to_obs_sites:87) >> Interpolate model outputs (on regular lat lon grids) to observational sites
2023-10-23 12:00:50,729 [INFO]: aerosol_aeronet_driver.py(interpolate_model_output_to_obs_sites:87) >> Interpolate model outputs (on regular lat lon grids) to observational sites
2023-10-23 12:00:50,751 [WARNING]: warnings.py(_showwarnmsg:109) >> /lcrc/soft/climate/e3sm-unified/base/envs/e3sm_unified_1.9.0_login/lib/python3.10/site-packages/cartopy/mpl/geoaxes.py:871: UserWarning: Attempting to set identical low and high xlims makes transformation singular; automatically expanding.
  self.set_xlim([x1, x2])

2023-10-23 12:00:50,975 [WARNING]: legend.py(_parse_legend_args:1323) >> No artists with labels found to put in legend.  Note that artists whose label start with an underscore are ignored when legend() is called with no argument.
2023-10-23 12:00:51,347 [INFO]: aerosol_aeronet_plot.py(plot:103) >> Plot saved in: model_vs_model_0001-0100/aerosol_aeronet/model-vs-model/v2.LR.piControl-AODVIS-MAM-global.png
2023-10-23 12:00:51,368 [INFO]: aerosol_aeronet_driver.py(run_diag:48) >> Variable: AODVIS
2023-10-23 12:00:51,392 [INFO]: aerosol_aeronet_driver.py(interpolate_model_output_to_obs_sites:87) >> Interpolate model outputs (on regular lat lon grids) to observational sites
2023-10-23 12:00:51,559 [INFO]: aerosol_aeronet_driver.py(interpolate_model_output_to_obs_sites:87) >> Interpolate model outputs (on regular lat lon grids) to observational sites
2023-10-23 12:00:51,582 [WARNING]: warnings.py(_showwarnmsg:109) >> /lcrc/soft/climate/e3sm-unified/base/envs/e3sm_unified_1.9.0_login/lib/python3.10/site-packages/cartopy/mpl/geoaxes.py:871: UserWarning: Attempting to set identical low and high xlims makes transformation singular; automatically expanding.
  self.set_xlim([x1, x2])

2023-10-23 12:00:51,826 [WARNING]: legend.py(_parse_legend_args:1323) >> No artists with labels found to put in legend.  Note that artists whose label start with an underscore are ignored when legend() is called with no argument.
2023-10-23 12:00:52,202 [INFO]: aerosol_aeronet_plot.py(plot:103) >> Plot saved in: model_vs_model_0001-0100/aerosol_aeronet/model-vs-model/v2.LR.piControl-AODVIS-JJA-global.png
2023-10-23 12:00:52,224 [INFO]: aerosol_aeronet_driver.py(run_diag:48) >> Variable: AODVIS
2023-10-23 12:00:52,247 [INFO]: aerosol_aeronet_driver.py(interpolate_model_output_to_obs_sites:87) >> Interpolate model outputs (on regular lat lon grids) to observational sites
2023-10-23 12:00:52,465 [INFO]: aerosol_aeronet_driver.py(interpolate_model_output_to_obs_sites:87) >> Interpolate model outputs (on regular lat lon grids) to observational sites
2023-10-23 12:00:52,487 [WARNING]: warnings.py(_showwarnmsg:109) >> /lcrc/soft/climate/e3sm-unified/base/envs/e3sm_unified_1.9.0_login/lib/python3.10/site-packages/cartopy/mpl/geoaxes.py:871: UserWarning: Attempting to set identical low and high xlims makes transformation singular; automatically expanding.
  self.set_xlim([x1, x2])

2023-10-23 12:00:52,819 [WARNING]: legend.py(_parse_legend_args:1323) >> No artists with labels found to put in legend.  Note that artists whose label start with an underscore are ignored when legend() is called with no argument.
2023-10-23 12:00:53,190 [INFO]: aerosol_aeronet_plot.py(plot:103) >> Plot saved in: model_vs_model_0001-0100/aerosol_aeronet/model-vs-model/v2.LR.piControl-AODVIS-SON-global.png
2023-10-23 12:00:53,212 [INFO]: aerosol_aeronet_driver.py(run_diag:48) >> Variable: AODABS
2023-10-23 12:00:53,233 [ERROR]: e3sm_diags_driver.py(run_diag:296) >> Error in e3sm_diags.driver.aerosol_aeronet_driver
Traceback (most recent call last):
  File "/lcrc/soft/climate/e3sm-unified/base/envs/e3sm_unified_1.9.0_login/lib/python3.10/site-packages/e3sm_diags/e3sm_diags_driver.py", line 293, in run_diag
    single_result = module.run_diag(parameter)
  File "/lcrc/soft/climate/e3sm-unified/base/envs/e3sm_unified_1.9.0_login/lib/python3.10/site-packages/e3sm_diags/driver/aerosol_aeronet_driver.py", line 51, in run_diag
    test = test_data.get_climo_variable(var, season)
  File "/lcrc/soft/climate/e3sm-unified/base/envs/e3sm_unified_1.9.0_login/lib/python3.10/site-packages/e3sm_diags/driver/utils/dataset.py", line 161, in get_climo_variable
    variables = self._get_climo_var(filename, *args, **kwargs)
  File "/lcrc/soft/climate/e3sm-unified/base/envs/e3sm_unified_1.9.0_login/lib/python3.10/site-packages/e3sm_diags/driver/utils/dataset.py", line 353, in _get_climo_var
    vars_to_func_dict = self._get_first_valid_vars_climo(
  File "/lcrc/soft/climate/e3sm-unified/base/envs/e3sm_unified_1.9.0_login/lib/python3.10/site-packages/e3sm_diags/driver/utils/dataset.py", line 423, in _get_first_valid_vars_climo
    raise RuntimeError(msg)
RuntimeError: Neither does AODABS nor the variables in [('abs550aer',)] exist in the file file:///gpfs/fs1/home/ac.kai.zhang/myw/post_e3sm_diag/v3_aerosol_diag_dev/script/tmp..KrsI/climo_test/20230616.v3alpha01.piControl.chrysalis_ANN_000101_010012_climo.nc.
