2023-10-23 00:34:34,106 [INFO]: aerosol_budget_driver.py(run_diag:135) >> Variable: bc
2023-10-23 00:34:35,086 [INFO]: aerosol_budget_driver.py(run_diag:135) >> Variable: dst
2023-10-23 00:34:35,659 [INFO]: aerosol_budget_driver.py(run_diag:135) >> Variable: mom
2023-10-23 00:34:36,332 [INFO]: aerosol_budget_driver.py(run_diag:135) >> Variable: ncl
2023-10-23 00:34:36,867 [INFO]: aerosol_budget_driver.py(run_diag:135) >> Variable: pom
2022023-10-23 00:34:57,114 [INFO]: main.py(create_viewer:130) >> aerosol_aeronet model_vs_model_0001-0100/viewer
2023-10-23 00:34:57,179 [INFO]: main.py(create_viewer:133) >> ('Aerosol Diags at AERONET sites', 'aerosol_aeronet/index.html')
2023-10-23 00:34:57,179 [INFO]: main.py(create_viewer:130) >> aerosol_budget model_vs_model_0001-0100/viewer
2023-10-23 00:34:57,217 [INFO]: main.py(create_viewer:133) >> ('Aerosol Budget Tables', 'aerosol/index.html')
2023-10-23 00:34:57,221 [INFO]: e3sm_diags_driver.py(main:440) >> Viewer HTML generated at model_vs_model_0001-0100/viewer/index.html
er.py(run_diag:135) >> Variable: mom
2023-10-23 00:34:44,845 [INFO]: aerosol_budget_driver.py(run_diag:135) >> Variable: ncl
2023-10-23 00:34:45,408 [INFO]: aerosol_budget_driver.py(run_diag:135) >> Variable: pom
2023-10-23 00:34:45,944 [INFO]: aerosol_budget_driver.py(run_diag:135) >> Variable: so4
2023-10-23 00:34:46,524 [INFO]: aerosol_budget_driver.py(run_diag:135) >> Variable: soa
2023-10-23 00:34:51,174 [INFO]: aerosol_budget_driver.py(run_diag:201) >> Metrics saved in model_vs_model_0001-0100/aerosol_budget/20230622.v3alpha02.piControl.chrysalis-DJF-budget-table.csv
2023-10-23 00:34:48,778 [INFO]: aerosol_budget_driver.py(run_diag:135) >> Variable: bc
2023-10-23 00:34:49,605 [INFO]: aerosol_budget_driver.py(run_diag:135) >> Variable: dst
2023-10-23 00:34:50,136 [INFO]: aerosol_budget_driver.py(run_diag:135) >> Variable: mom
2023-10-23 00:34:50,632 [INFO]: aerosol_budget_driver.py(run_diag:135) >> Variable: ncl
2023-10-23 00:34:51,169 [INFO]: aerosol_budget_driver.py(run_diag:135) >> Variable: pom
2023-10-23 00:34:51,682 [INFO]: aerosol_budget_driver.py(run_diag:135) >> Variable: so4
2023-10-23 00:34:52,365 [INFO]: aerosol_budget_driver.py(run_diag:135) >> Variable: soa
2023-10-23 00:34:57,062 [INFO]: aerosol_budget_driver.py(run_diag:201) >> Metrics saved in model_vs_model_0001-0100/aerosol_budget/20230622.v3alpha02.piControl.chrysalis-SON-budget-table.csv
-global.png
2023-10-23 00:34:35,734 [INFO]: aerosol_aeronet_driver.py(run_diag:48) >> Variable: AODVIS
2023-10-23 00:34:35,816 [INFO]: aerosol_aeronet_driver.py(interpolate_model_output_to_obs_sites:87) >> Interpolate model outputs (on regular lat lon grids) to observational sites
2023-10-23 00:34:35,924 [INFO]: aerosol_aeronet_driver.py(interpolate_model_output_to_obs_sites:87) >> Interpolate model outputs (on regular lat lon grids) to observational sites
2023-10-23 00:34:35,946 [WARNING]: warnings.py(_showwarnmsg:109) >> /lcrc/soft/climate/e3sm-unified/base/envs/e3sm_unified_1.9.0_login/lib/python3.10/site-packages/cartopy/mpl/geoaxes.py:871: UserWarning: Attempting to set identical low and high xlims makes transformation singular; automatically expanding.
  self.set_xlim([x1, x2])

2023-10-23 00:34:36,170 [WARNING]: legend.py(_parse_legend_args:1323) >> No artists with labels found to put in legend.  Note that artists whose label start with an underscore are ignored when legend() is called with no argument.
2023-10-23 00:34:36,547 [INFO]: aerosol_aeronet_plot.py(plot:103) >> Plot saved in: model_vs_model_0001-0100/aerosol_aeronet/model-vs-model/20230616.v3alpha01.piControl.chrysalis-AODVIS-MAM-global.png
2023-10-23 00:34:36,569 [INFO]: aerosol_aeronet_driver.py(run_diag:48) >> Variable: AODVIS
2023-10-23 00:34:36,593 [INFO]: aerosol_aeronet_driver.py(interpolate_model_output_to_obs_sites:87) >> Interpolate model outputs (on regular lat lon grids) to observational sites
2023-10-23 00:34:36,703 [INFO]: aerosol_aeronet_driver.py(interpolate_model_output_to_obs_sites:87) >> Interpolate model outputs (on regular lat lon grids) to observational sites
2023-10-23 00:34:36,728 [WARNING]: warnings.py(_showwarnmsg:109) >> /lcrc/soft/climate/e3sm-unified/base/envs/e3sm_unified_1.9.0_login/lib/python3.10/site-packages/cartopy/mpl/geoaxes.py:871: UserWarning: Attempting to set identical low and high xlims makes transformation singular; automatically expanding.
  self.set_xlim([x1, x2])

2023-10-23 00:34:36,991 [WARNING]: legend.py(_parse_legend_args:1323) >> No artists with labels found to put in legend.  Note that artists whose label start with an underscore are ignored when legend() is called with no argument.
2023-10-23 00:34:37,371 [INFO]: aerosol_aeronet_plot.py(plot:103) >> Plot saved in: model_vs_model_0001-0100/aerosol_aeronet/model-vs-model/20230616.v3alpha01.piControl.chrysalis-AODVIS-JJA-global.png
2023-10-23 00:34:37,393 [INFO]: aerosol_aeronet_driver.py(run_diag:48) >> Variable: AODVIS
2023-10-23 00:34:37,424 [INFO]: aerosol_aeronet_driver.py(interpolate_model_output_to_obs_sites:87) >> Interpolate model outputs (on regular lat lon grids) to observational sites
2023-10-23 00:34:37,553 [INFO]: aerosol_aeronet_driver.py(interpolate_model_output_to_obs_sites:87) >> Interpolate model outputs (on regular lat lon grids) to observational sites
2023-10-23 00:34:37,574 [WARNING]: warnings.py(_showwarnmsg:109) >> /lcrc/soft/climate/e3sm-unified/base/envs/e3sm_unified_1.9.0_login/lib/python3.10/site-packages/cartopy/mpl/geoaxes.py:871: UserWarning: Attempting to set identical low and high xlims makes transformation singular; automatically expanding.
  self.set_xlim([x1, x2])

2023-10-23 00:34:37,793 [WARNING]: legend.py(_parse_legend_args:1323) >> No artists with labels found to put in legend.  Note that artists whose label start with an underscore are ignored when legend() is called with no argument.
2023-10-23 00:34:38,240 [INFO]: aerosol_aeronet_plot.py(plot:103) >> Plot saved in: model_vs_model_0001-0100/aerosol_aeronet/model-vs-model/20230616.v3alpha01.piControl.chrysalis-AODVIS-SON-global.png
2023-10-23 00:34:38,263 [INFO]: aerosol_aeronet_driver.py(run_diag:48) >> Variable: AODABS
2023-10-23 00:34:38,283 [ERROR]: e3sm_diags_driver.py(run_diag:296) >> Error in e3sm_diags.driver.aerosol_aeronet_driver
Traceback (most recent call last):
  File "/lcrc/soft/climate/e3sm-unified/base/envs/e3sm_unified_1.9.0_login/lib/python3.10/site-packages/e3sm_diags/e3sm_diags_driver.py", line 293, in run_diag
    single_result = module.run_diag(parameter)
  File "/lcrc/soft/climate/e3sm-unified/base/envs/e3sm_unified_1.9.0_login/lib/python3.10/site-packages/e3sm_diags/driver/aerosol_aeronet_driver.py", line 51, in run_diag
    test = test_data.get_climo_variable(var, season)
  File "/lcrc/soft/climate/e3sm-unified/base/envs/e3sm_unified_1.9.0_login/lib/python3.10/site-packages/e3sm_diags/driver/utils/dataset.py", line 161, in get_climo_variable
    variables = self._get_climo_var(filename, *args, **kwargs)
  File "/lcrc/soft/climate/e3sm-unified/base/envs/e3sm_unified_1.9.0_login/lib/python3.10/site-packages/e3sm_diags/driver/utils/dataset.py", line 353, in _get_climo_var
    vars_to_func_dict = self._get_first_valid_vars_climo(
  File "/lcrc/soft/climate/e3sm-unified/base/envs/e3sm_unified_1.9.0_login/lib/python3.10/site-packages/e3sm_diags/driver/utils/dataset.py", line 423, in _get_first_valid_vars_climo
    raise RuntimeError(msg)
RuntimeError: Neither does AODABS nor the variables in [('abs550aer',)] exist in the file file:///gpfs/fs1/home/ac.kai.zhang/myw/post_e3sm_diag/v3_aerosol_diag_dev/script/tmp..XVGJ/climo_test/20230622.v3alpha02.piControl.chrysalis_ANN_000101_010012_climo.nc.
